<?xml version="1.0" encoding="UTF-8"?>
<!-- Generated by org.testng.reporters.JUnitReportReporter -->
<testsuite hostname="selenium7" failures="0" tests="6" name="TestScript.ArticlePost" time="7.186" errors="0" timestamp="2024-12-25T13:21:28 IST" skipped="0">
  <testcase classname="TestScript.ArticlePost" name="loginTest" time="1.297"/>
  <testcase classname="TestScript.ArticlePost" name="articleNew" time="1.878"/>
  <testcase classname="TestScript.ArticlePost" name="viewArticle" time="1.137"/>
  <testcase classname="TestScript.ArticlePost" name="EditArticle" time="1.562"/>
  <testcase classname="TestScript.ArticlePost" name="DeleteArticle" time="0.491"/>
  <testcase classname="TestScript.ArticlePost" name="MessageDisplayed" time="0.821"/>
</testsuite> <!-- TestScript.ArticlePost -->
